

/******************************************************************************************
* WriteStepFile diagnostics.
* Date:                           Wed Sep 09 15:21:19 2015 
* Produced by:                    The EXPRESS Data Manager Version 5.02.0100.07 : 28 Aug 2013
* Module:                         EDMstepFileFactory/EDMstandAlone
* Host:                           regisarch
* Database:                       C:\Users\regis\AppData\Local\Temp\{A3A9F7BE-7524-45C1-BE60-F6877DEB1CE8}\ifc
* Database version:               5507
* Database creation date:         Wed Sep 09 15:21:05 2015
* Model:                          DataRepository.ifc
* Model creation date:            Wed Sep 09 15:21:05 2015
* Header model:                   DataRepository.ifc_HeaderModel
* Header model creation date:     Wed Sep 09 15:21:05 2015
* Step file:                      Eliane Nana.ifc
* EDMuser:                        sdai-user
* EDMgroup:                       sdai-group
* License ID and type:            5605 : Permanent license. Expiry date: 
* EDMstepFileFactory options:     020000
******************************************************************************************/


------------------------------------------------------------------------------------------------
Operation terminated successfully.
------------------------------------------------------------------------------------------------

